# JRE version: Java(TM) SE Runtime Environment (7.0_67-b01) (build 1.7.0_67-b01)
# Java VM: Java HotSpot(TM) Server VM (24.65-b04 mixed mode linux-x86 )
Heap
 PSYoungGen      total 271104K, used 4076K [0x9e000000, 0xb1580000, 0xb3580000)
  eden space 229120K, 0% used [0x9e000000,0x9e000000,0xabfc0000)
  from space 41984K, 9% used [0xabfc0000,0xac3bb278,0xae8c0000)
  to   space 38144K, 0% used [0xae8c0000,0xae8c0000,0xb0e00000)
 ParOldGen       total 111104K, used 93851K [0x73580000, 0x7a200000, 0x9e000000)
  object space 111104K, 84% used [0x73580000,0x79126f18,0x7a200000)
 PSPermGen       total 68864K, used 53873K [0x63580000, 0x678c0000, 0x73580000)
  object space 68864K, 78% used [0x63580000,0x66a1c4d0,0x678c0000)
GC Heap History (10 events):
Event: 1470,811 GC heap after
Heap after GC invocations=23 (full 5):
 PSYoungGen      total 221184K, used 27226K [0x9e000000, 0xae380000, 0xb3580000)
  eden space 185856K, 0% used [0x9e000000,0x9e000000,0xa9580000)
  from space 35328K, 77% used [0xabb00000,0xad5968d0,0xadd80000)
  to   space 38400K, 0% used [0xa9580000,0xa9580000,0xabb00000)
 ParOldGen       total 111104K, used 70913K [0x73580000, 0x7a200000, 0x9e000000)
  object space 111104K, 63% used [0x73580000,0x77ac0610,0x7a200000)
 PSPermGen       total 57344K, used 43971K [0x63580000, 0x66d80000, 0x73580000)
  object space 57344K, 76% used [0x63580000,0x66070ee0,0x66d80000)
}
Event: 1470,881 GC heap before
{Heap before GC invocations=24 (full 6):
 PSYoungGen      total 221184K, used 27226K [0x9e000000, 0xae380000, 0xb3580000)
  eden space 185856K, 0% used [0x9e000000,0x9e000000,0xa9580000)
  from space 35328K, 77% used [0xabb00000,0xad5968d0,0xadd80000)
  to   space 38400K, 0% used [0xa9580000,0xa9580000,0xabb00000)
 ParOldGen       total 111104K, used 70913K [0x73580000, 0x7a200000, 0x9e000000)
  object space 111104K, 63% used [0x73580000,0x77ac0610,0x7a200000)
 PSPermGen       total 57344K, used 43971K [0x63580000, 0x66d80000, 0x73580000)
  object space 57344K, 76% used [0x63580000,0x66070ee0,0x66d80000)
Event: 1495,272 GC heap after
Heap after GC invocations=24 (full 6):
 PSYoungGen      total 221184K, used 0K [0x9e000000, 0xae380000, 0xb3580000)
  eden space 185856K, 0% used [0x9e000000,0x9e000000,0xa9580000)
  from space 35328K, 0% used [0xabb00000,0xabb00000,0xadd80000)
  to   space 38400K, 0% used [0xa9580000,0xa9580000,0xabb00000)
 ParOldGen       total 111104K, used 64860K [0x73580000, 0x7a200000, 0x9e000000)
  object space 111104K, 58% used [0x73580000,0x774d7130,0x7a200000)
 PSPermGen       total 60416K, used 43488K [0x63580000, 0x67080000, 0x73580000)
  object space 60416K, 71% used [0x63580000,0x65ff8070,0x67080000)
}
Event: 1585,156 GC heap before
{Heap before GC invocations=25 (full 6):
 PSYoungGen      total 221184K, used 185856K [0x9e000000, 0xae380000, 0xb3580000)
  eden space 185856K, 100% used [0x9e000000,0xa9580000,0xa9580000)
  from space 35328K, 0% used [0xabb00000,0xabb00000,0xadd80000)
  to   space 38400K, 0% used [0xa9580000,0xa9580000,0xabb00000)
 ParOldGen       total 111104K, used 64860K [0x73580000, 0x7a200000, 0x9e000000)
  object space 111104K, 58% used [0x73580000,0x774d7130,0x7a200000)
 PSPermGen       total 60416K, used 47623K [0x63580000, 0x67080000, 0x73580000)
  object space 60416K, 78% used [0x63580000,0x66401dd0,0x67080000)
Event: 1586,278 GC heap after
Heap after GC invocations=25 (full 6):
 PSYoungGen      total 224256K, used 20321K [0x9e000000, 0xb0e00000, 0xb3580000)
  eden space 185856K, 0% used [0x9e000000,0x9e000000,0xa9580000)
  from space 38400K, 52% used [0xa9580000,0xaa958730,0xabb00000)
  to   space 38144K, 0% used [0xae8c0000,0xae8c0000,0xb0e00000)
 ParOldGen       total 111104K, used 64860K [0x73580000, 0x7a200000, 0x9e000000)
  object space 111104K, 58% used [0x73580000,0x774d7130,0x7a200000)
 PSPermGen       total 60416K, used 47623K [0x63580000, 0x67080000, 0x73580000)
  object space 60416K, 78% used [0x63580000,0x66401dd0,0x67080000)
}
Event: 1599,316 GC heap before
{Heap before GC invocations=26 (full 6):
 PSYoungGen      total 224256K, used 182352K [0x9e000000, 0xb0e00000, 0xb3580000)
  eden space 185856K, 87% used [0x9e000000,0xa7e3ba00,0xa9580000)
  from space 38400K, 52% used [0xa9580000,0xaa958730,0xabb00000)
  to   space 38144K, 0% used [0xae8c0000,0xae8c0000,0xb0e00000)
 ParOldGen       total 111104K, used 64860K [0x73580000, 0x7a200000, 0x9e000000)
  object space 111104K, 58% used [0x73580000,0x774d7130,0x7a200000)
 PSPermGen       total 60416K, used 52576K [0x63580000, 0x67080000, 0x73580000)
  object space 60416K, 87% used [0x63580000,0x668d8020,0x67080000)
Event: 1599,497 GC heap after
Heap after GC invocations=26 (full 6):
 PSYoungGen      total 267264K, used 31192K [0x9e000000, 0xb1580000, 0xb3580000)
  eden space 229120K, 0% used [0x9e000000,0x9e000000,0xabfc0000)
  from space 38144K, 81% used [0xae8c0000,0xb0736250,0xb0e00000)
  to   space 41984K, 0% used [0xabfc0000,0xabfc0000,0xae8c0000)
 ParOldGen       total 111104K, used 64860K [0x73580000, 0x7a200000, 0x9e000000)
  object space 111104K, 58% used [0x73580000,0x774d7130,0x7a200000)
 PSPermGen       total 60416K, used 52576K [0x63580000, 0x67080000, 0x73580000)
  object space 60416K, 87% used [0x63580000,0x668d8020,0x67080000)
}
Event: 1599,497 GC heap before
{Heap before GC invocations=27 (full 7):
 PSYoungGen      total 267264K, used 31192K [0x9e000000, 0xb1580000, 0xb3580000)
  eden space 229120K, 0% used [0x9e000000,0x9e000000,0xabfc0000)
  from space 38144K, 81% used [0xae8c0000,0xb0736250,0xb0e00000)
  to   space 41984K, 0% used [0xabfc0000,0xabfc0000,0xae8c0000)
 ParOldGen       total 111104K, used 64860K [0x73580000, 0x7a200000, 0x9e000000)
  object space 111104K, 58% used [0x73580000,0x774d7130,0x7a200000)
 PSPermGen       total 60416K, used 52576K [0x63580000, 0x67080000, 0x73580000)
  object space 60416K, 87% used [0x63580000,0x668d8020,0x67080000)
Event: 1603,253 GC heap after
Heap after GC invocations=27 (full 7):
 PSYoungGen      total 267264K, used 0K [0x9e000000, 0xb1580000, 0xb3580000)
  eden space 229120K, 0% used [0x9e000000,0x9e000000,0xabfc0000)
  from space 38144K, 0% used [0xae8c0000,0xae8c0000,0xb0e00000)
  to   space 41984K, 0% used [0xabfc0000,0xabfc0000,0xae8c0000)
 ParOldGen       total 111104K, used 93851K [0x73580000, 0x7a200000, 0x9e000000)
  object space 111104K, 84% used [0x73580000,0x79126f18,0x7a200000)
 PSPermGen       total 68864K, used 52569K [0x63580000, 0x678c0000, 0x73580000)
  object space 68864K, 76% used [0x63580000,0x668d6620,0x678c0000)
}
Event: 1925,752 GC heap before
{Heap before GC invocations=28 (full 7):
 PSYoungGen      total 267264K, used 229120K [0x9e000000, 0xb1580000, 0xb3580000)
  eden space 229120K, 100% used [0x9e000000,0xabfc0000,0xabfc0000)
  from space 38144K, 0% used [0xae8c0000,0xae8c0000,0xb0e00000)
  to   space 41984K, 0% used [0xabfc0000,0xabfc0000,0xae8c0000)
 ParOldGen       total 111104K, used 93851K [0x73580000, 0x7a200000, 0x9e000000)
  object space 111104K, 84% used [0x73580000,0x79126f18,0x7a200000)
 PSPermGen       total 68864K, used 53873K [0x63580000, 0x678c0000, 0x73580000)
  object space 68864K, 78% used [0x63580000,0x66a1c4d0,0x678c0000)

